2025-03-21 11:45:30,203 - DEBUG - Loaded tasks successfully.
2025-03-21 11:45:30,203 - DEBUG - Tasks saved.
2025-03-21 11:45:30,203 - INFO - Task added: {'id': 1, 'description': 'Buy groceries', 'priority': 1}
2025-03-21 11:45:30,203 - INFO - Task added: {'id': 1, 'description': 'Buy groceries', 'priority': 1}
2025-03-21 11:46:03,136 - DEBUG - Loaded tasks successfully.
2025-03-21 11:46:21,070 - DEBUG - Loaded tasks successfully.
2025-03-21 11:46:21,070 - DEBUG - Tasks saved.
2025-03-21 11:46:21,070 - INFO - Task with ID 1 deleted.
2025-03-21 11:46:21,070 - INFO - Task 1 deleted.
2025-03-21 11:46:26,589 - DEBUG - Loaded tasks successfully.
2025-03-21 11:46:31,732 - DEBUG - Loaded tasks successfully.
2025-03-21 11:46:31,732 - WARNING - Task with ID 1 not found.
2025-03-21 11:46:31,732 - WARNING - Task 1 not found.
2025-03-21 11:46:50,011 - DEBUG - Loaded tasks successfully.
2025-03-21 11:46:50,011 - DEBUG - Tasks saved.
2025-03-21 11:46:50,011 - INFO - Task added: {'id': 1, 'description': 'Test1: Adding task', 'priority': 1}
2025-03-21 11:46:50,011 - INFO - Task added: {'id': 1, 'description': 'Test1: Adding task', 'priority': 1}
2025-03-21 11:46:55,738 - DEBUG - Loaded tasks successfully.
2025-03-21 11:47:03,553 - DEBUG - Loaded tasks successfully.
2025-03-21 11:47:03,554 - DEBUG - Tasks saved.
2025-03-21 11:47:03,554 - INFO - Task added: {'id': 1, 'description': 'Test task', 'priority': 2}
2025-03-21 11:47:03,554 - DEBUG - Loaded tasks successfully.
2025-03-21 11:47:03,554 - DEBUG - Loaded tasks successfully.
2025-03-21 11:47:03,554 - DEBUG - Tasks saved.
2025-03-21 11:47:03,554 - INFO - Task added: {'id': 1, 'description': 'Task to delete', 'priority': 1}
2025-03-21 11:47:03,554 - DEBUG - Loaded tasks successfully.
2025-03-21 11:47:03,554 - DEBUG - Tasks saved.
2025-03-21 11:47:03,554 - INFO - Task added: {'id': 2, 'description': 'Task to keep', 'priority': 1}
2025-03-21 11:47:03,554 - DEBUG - Loaded tasks successfully.
2025-03-21 11:47:03,554 - DEBUG - Tasks saved.
2025-03-21 11:47:03,554 - INFO - Task with ID 1 deleted.
2025-03-21 11:47:03,554 - DEBUG - Loaded tasks successfully.
2025-03-21 11:47:03,554 - DEBUG - Loaded tasks successfully.
2025-03-21 11:47:03,554 - WARNING - Task with ID 999 not found.
